0200	A2B4	[SETI]	I = 2b4
0202	23E6	[FUNCALL]
		(non updato)
03E6	6A00	[LI]	VA = 0x0
03E8	6019	[LI]	V0 = 0x19
03EA	00EE	[RET]	$SP=1
		(non updato)
0204	22B6	[FUNCALL]
		(non updato)
02B6	6705	[LI]	V7 = 0x5
02B8	6806	[LI]	V8 = 0x6
02BA	6904	[LI]	V9 = 0x4
02BC	611F	[LI]	V1 = 0x1f
02BE	6510	[LI]	V5 = 0x10
02C0	6207	[LI]	V2 = 0x7
02C2	00EE	[RET]	$SP=1
		(non updato)
0206	7001	[ADD_EQ]	V0 += 0x1
0208	D011	[DRAW]	(26,31)
				10000000
020A	3025	[SKIP_EQ]	SKIP: FALSE	1A!=25
020C	1206	[GOTO] 206
		(non updato)
0206	7001	[ADD_EQ]	V0 += 0x1
0208	D011	[DRAW]	(27,31)
				10000000
020A	3025	[SKIP_EQ]	SKIP: FALSE	1B!=25
020C	1206	[GOTO] 206
		(non updato)
0206	7001	[ADD_EQ]	V0 += 0x1
0208	D011	[DRAW]	(28,31)
				10000000
020A	3025	[SKIP_EQ]	SKIP: FALSE	1C!=25
020C	1206	[GOTO] 206
		(non updato)
0206	7001	[ADD_EQ]	V0 += 0x1
0208	D011	[DRAW]	(29,31)
				10000000
020A	3025	[SKIP_EQ]	SKIP: FALSE	1D!=25
020C	1206	[GOTO] 206
		(non updato)
0206	7001	[ADD_EQ]	V0 += 0x1
0208	D011	[DRAW]	(30,31)
				10000000
020A	3025	[SKIP_EQ]	SKIP: FALSE	1E!=25
020C	1206	[GOTO] 206
		(non updato)
0206	7001	[ADD_EQ]	V0 += 0x1
0208	D011	[DRAW]	(31,31)
				10000000
020A	3025	[SKIP_EQ]	SKIP: FALSE	1F!=25
020C	1206	[GOTO] 206
		(non updato)
0206	7001	[ADD_EQ]	V0 += 0x1
0208	D011	[DRAW]	(32,31)
				10000000
020A	3025	[SKIP_EQ]	SKIP: FALSE	20!=25
020C	1206	[GOTO] 206
		(non updato)
0206	7001	[ADD_EQ]	V0 += 0x1
0208	D011	[DRAW]	(33,31)
				10000000
020A	3025	[SKIP_EQ]	SKIP: FALSE	21!=25
020C	1206	[GOTO] 206
		(non updato)
0206	7001	[ADD_EQ]	V0 += 0x1
0208	D011	[DRAW]	(34,31)
				10000000
020A	3025	[SKIP_EQ]	SKIP: FALSE	22!=25
020C	1206	[GOTO] 206
		(non updato)
0206	7001	[ADD_EQ]	V0 += 0x1
0208	D011	[DRAW]	(35,31)
				10000000
020A	3025	[SKIP_EQ]	SKIP: FALSE	23!=25
020C	1206	[GOTO] 206
		(non updato)
0206	7001	[ADD_EQ]	V0 += 0x1
0208	D011	[DRAW]	(36,31)
				10000000
020A	3025	[SKIP_EQ]	SKIP: FALSE	24!=25
020C	1206	[GOTO] 206
		(non updato)
0206	7001	[ADD_EQ]	V0 += 0x1
0208	D011	[DRAW]	(37,31)
				10000000
020A	3025	[SKIP_EQ]	SKIP: TRUE	25==25
020E	71FF	[ADD_EQ]	V1 += 0xff
0210	D011	[DRAW]	(37,30)
				10000000
0212	601A	[LI]	V0 = 0x1a
0214	D011	[DRAW]	(26,30)
				10000000
0216	6025	[LI]	V0 = 0x25
0218	3100	[SKIP_EQ]	SKIP: FALSE	1E!=00
021A	120E	[GOTO] 20E
		(non updato)
020E	71FF	[ADD_EQ]	V1 += 0xff
0210	D011	[DRAW]	(37,29)
				10000000
0212	601A	[LI]	V0 = 0x1a
0214	D011	[DRAW]	(26,29)
				10000000
0216	6025	[LI]	V0 = 0x25
0218	3100	[SKIP_EQ]	SKIP: FALSE	1D!=00
021A	120E	[GOTO] 20E
		(non updato)
020E	71FF	[ADD_EQ]	V1 += 0xff
0210	D011	[DRAW]	(37,28)
				10000000
0212	601A	[LI]	V0 = 0x1a
0214	D011	[DRAW]	(26,28)
				10000000
0216	6025	[LI]	V0 = 0x25
0218	3100	[SKIP_EQ]	SKIP: FALSE	1C!=00
021A	120E	[GOTO] 20E
		(non updato)
020E	71FF	[ADD_EQ]	V1 += 0xff
0210	D011	[DRAW]	(37,27)
				10000000
0212	601A	[LI]	V0 = 0x1a
0214	D011	[DRAW]	(26,27)
				10000000
0216	6025	[LI]	V0 = 0x25
0218	3100	[SKIP_EQ]	SKIP: FALSE	1B!=00
021A	120E	[GOTO] 20E
		(non updato)
020E	71FF	[ADD_EQ]	V1 += 0xff
0210	D011	[DRAW]	(37,26)
				10000000
0212	601A	[LI]	V0 = 0x1a
0214	D011	[DRAW]	(26,26)
				10000000
0216	6025	[LI]	V0 = 0x25
0218	3100	[SKIP_EQ]	SKIP: FALSE	1A!=00
021A	120E	[GOTO] 20E
		(non updato)
020E	71FF	[ADD_EQ]	V1 += 0xff
0210	D011	[DRAW]	(37,25)
				10000000
0212	601A	[LI]	V0 = 0x1a
0214	D011	[DRAW]	(26,25)
				10000000
0216	6025	[LI]	V0 = 0x25
0218	3100	[SKIP_EQ]	SKIP: FALSE	19!=00
021A	120E	[GOTO] 20E
		(non updato)
020E	71FF	[ADD_EQ]	V1 += 0xff
0210	D011	[DRAW]	(37,24)
				10000000
0212	601A	[LI]	V0 = 0x1a
0214	D011	[DRAW]	(26,24)
				10000000
0216	6025	[LI]	V0 = 0x25
0218	3100	[SKIP_EQ]	SKIP: FALSE	18!=00
021A	120E	[GOTO] 20E
		(non updato)
020E	71FF	[ADD_EQ]	V1 += 0xff
0210	D011	[DRAW]	(37,23)
				10000000
0212	601A	[LI]	V0 = 0x1a
0214	D011	[DRAW]	(26,23)
				10000000
0216	6025	[LI]	V0 = 0x25
0218	3100	[SKIP_EQ]	SKIP: FALSE	17!=00
021A	120E	[GOTO] 20E
		(non updato)
020E	71FF	[ADD_EQ]	V1 += 0xff
0210	D011	[DRAW]	(37,22)
				10000000
0212	601A	[LI]	V0 = 0x1a
0214	D011	[DRAW]	(26,22)
				10000000
0216	6025	[LI]	V0 = 0x25
0218	3100	[SKIP_EQ]	SKIP: FALSE	16!=00
021A	120E	[GOTO] 20E
		(non updato)
020E	71FF	[ADD_EQ]	V1 += 0xff
0210	D011	[DRAW]	(37,21)
				10000000
0212	601A	[LI]	V0 = 0x1a
0214	D011	[DRAW]	(26,21)
				10000000
0216	6025	[LI]	V0 = 0x25
0218	3100	[SKIP_EQ]	SKIP: FALSE	15!=00
021A	120E	[GOTO] 20E
		(non updato)
020E	71FF	[ADD_EQ]	V1 += 0xff
0210	D011	[DRAW]	(37,20)
				10000000
0212	601A	[LI]	V0 = 0x1a
0214	D011	[DRAW]	(26,20)
				10000000
0216	6025	[LI]	V0 = 0x25
0218	3100	[SKIP_EQ]	SKIP: FALSE	14!=00
021A	120E	[GOTO] 20E
		(non updato)
020E	71FF	[ADD_EQ]	V1 += 0xff
0210	D011	[DRAW]	(37,19)
				10000000
0212	601A	[LI]	V0 = 0x1a
0214	D011	[DRAW]	(26,19)
				10000000
0216	6025	[LI]	V0 = 0x25
0218	3100	[SKIP_EQ]	SKIP: FALSE	13!=00
021A	120E	[GOTO] 20E
		(non updato)
020E	71FF	[ADD_EQ]	V1 += 0xff
0210	D011	[DRAW]	(37,18)
				10000000
0212	601A	[LI]	V0 = 0x1a
0214	D011	[DRAW]	(26,18)
				10000000
0216	6025	[LI]	V0 = 0x25
0218	3100	[SKIP_EQ]	SKIP: FALSE	12!=00
021A	120E	[GOTO] 20E
		(non updato)
020E	71FF	[ADD_EQ]	V1 += 0xff
0210	D011	[DRAW]	(37,17)
				10000000
0212	601A	[LI]	V0 = 0x1a
0214	D011	[DRAW]	(26,17)
				10000000
0216	6025	[LI]	V0 = 0x25
0218	3100	[SKIP_EQ]	SKIP: FALSE	11!=00
021A	120E	[GOTO] 20E
		(non updato)
020E	71FF	[ADD_EQ]	V1 += 0xff
0210	D011	[DRAW]	(37,16)
				10000000
0212	601A	[LI]	V0 = 0x1a
0214	D011	[DRAW]	(26,16)
				10000000
0216	6025	[LI]	V0 = 0x25
0218	3100	[SKIP_EQ]	SKIP: FALSE	10!=00
021A	120E	[GOTO] 20E
		(non updato)
020E	71FF	[ADD_EQ]	V1 += 0xff
0210	D011	[DRAW]	(37,15)
				10000000
0212	601A	[LI]	V0 = 0x1a
0214	D011	[DRAW]	(26,15)
				10000000
0216	6025	[LI]	V0 = 0x25
0218	3100	[SKIP_EQ]	SKIP: FALSE	0F!=00
021A	120E	[GOTO] 20E
		(non updato)
020E	71FF	[ADD_EQ]	V1 += 0xff
0210	D011	[DRAW]	(37,14)
				10000000
0212	601A	[LI]	V0 = 0x1a
0214	D011	[DRAW]	(26,14)
				10000000
0216	6025	[LI]	V0 = 0x25
0218	3100	[SKIP_EQ]	SKIP: FALSE	0E!=00
021A	120E	[GOTO] 20E
		(non updato)
020E	71FF	[ADD_EQ]	V1 += 0xff
0210	D011	[DRAW]	(37,13)
				10000000
0212	601A	[LI]	V0 = 0x1a
0214	D011	[DRAW]	(26,13)
				10000000
0216	6025	[LI]	V0 = 0x25
0218	3100	[SKIP_EQ]	SKIP: FALSE	0D!=00
021A	120E	[GOTO] 20E
		(non updato)
020E	71FF	[ADD_EQ]	V1 += 0xff
0210	D011	[DRAW]	(37,12)
				10000000
0212	601A	[LI]	V0 = 0x1a
0214	D011	[DRAW]	(26,12)
				10000000
0216	6025	[LI]	V0 = 0x25
0218	3100	[SKIP_EQ]	SKIP: FALSE	0C!=00
021A	120E	[GOTO] 20E
		(non updato)
020E	71FF	[ADD_EQ]	V1 += 0xff
0210	D011	[DRAW]	(37,11)
				10000000
0212	601A	[LI]	V0 = 0x1a
0214	D011	[DRAW]	(26,11)
				10000000
0216	6025	[LI]	V0 = 0x25
0218	3100	[SKIP_EQ]	SKIP: FALSE	0B!=00
021A	120E	[GOTO] 20E
		(non updato)
020E	71FF	[ADD_EQ]	V1 += 0xff
0210	D011	[DRAW]	(37,10)
				10000000
0212	601A	[LI]	V0 = 0x1a
0214	D011	[DRAW]	(26,10)
				10000000
0216	6025	[LI]	V0 = 0x25
0218	3100	[SKIP_EQ]	SKIP: FALSE	0A!=00
021A	120E	[GOTO] 20E
		(non updato)
020E	71FF	[ADD_EQ]	V1 += 0xff
0210	D011	[DRAW]	(37,9)
				10000000
0212	601A	[LI]	V0 = 0x1a
0214	D011	[DRAW]	(26,9)
				10000000
0216	6025	[LI]	V0 = 0x25
0218	3100	[SKIP_EQ]	SKIP: FALSE	09!=00
021A	120E	[GOTO] 20E
		(non updato)
020E	71FF	[ADD_EQ]	V1 += 0xff
0210	D011	[DRAW]	(37,8)
				10000000
0212	601A	[LI]	V0 = 0x1a
0214	D011	[DRAW]	(26,8)
				10000000
0216	6025	[LI]	V0 = 0x25
0218	3100	[SKIP_EQ]	SKIP: FALSE	08!=00
021A	120E	[GOTO] 20E
		(non updato)
020E	71FF	[ADD_EQ]	V1 += 0xff
0210	D011	[DRAW]	(37,7)
				10000000
0212	601A	[LI]	V0 = 0x1a
0214	D011	[DRAW]	(26,7)
				10000000
0216	6025	[LI]	V0 = 0x25
0218	3100	[SKIP_EQ]	SKIP: FALSE	07!=00
021A	120E	[GOTO] 20E
		(non updato)
020E	71FF	[ADD_EQ]	V1 += 0xff
0210	D011	[DRAW]	(37,6)
				10000000
0212	601A	[LI]	V0 = 0x1a
0214	D011	[DRAW]	(26,6)
				10000000
0216	6025	[LI]	V0 = 0x25
0218	3100	[SKIP_EQ]	SKIP: FALSE	06!=00
021A	120E	[GOTO] 20E
		(non updato)
020E	71FF	[ADD_EQ]	V1 += 0xff
0210	D011	[DRAW]	(37,5)
				10000000
0212	601A	[LI]	V0 = 0x1a
0214	D011	[DRAW]	(26,5)
				10000000
0216	6025	[LI]	V0 = 0x25
0218	3100	[SKIP_EQ]	SKIP: FALSE	05!=00
021A	120E	[GOTO] 20E
		(non updato)
020E	71FF	[ADD_EQ]	V1 += 0xff
0210	D011	[DRAW]	(37,4)
				10000000
0212	601A	[LI]	V0 = 0x1a
0214	D011	[DRAW]	(26,4)
				10000000
0216	6025	[LI]	V0 = 0x25
0218	3100	[SKIP_EQ]	SKIP: FALSE	04!=00
021A	120E	[GOTO] 20E
		(non updato)
020E	71FF	[ADD_EQ]	V1 += 0xff
0210	D011	[DRAW]	(37,3)
				10000000
0212	601A	[LI]	V0 = 0x1a
0214	D011	[DRAW]	(26,3)
				10000000
0216	6025	[LI]	V0 = 0x25
0218	3100	[SKIP_EQ]	SKIP: FALSE	03!=00
021A	120E	[GOTO] 20E
		(non updato)
020E	71FF	[ADD_EQ]	V1 += 0xff
0210	D011	[DRAW]	(37,2)
				10000000
0212	601A	[LI]	V0 = 0x1a
0214	D011	[DRAW]	(26,2)
				10000000
0216	6025	[LI]	V0 = 0x25
0218	3100	[SKIP_EQ]	SKIP: FALSE	02!=00
021A	120E	[GOTO] 20E
		(non updato)
020E	71FF	[ADD_EQ]	V1 += 0xff
0210	D011	[DRAW]	(37,1)
				10000000
0212	601A	[LI]	V0 = 0x1a
0214	D011	[DRAW]	(26,1)
				10000000
0216	6025	[LI]	V0 = 0x25
0218	3100	[SKIP_EQ]	SKIP: FALSE	01!=00
021A	120E	[GOTO] 20E
		(non updato)
020E	71FF	[ADD_EQ]	V1 += 0xff
0210	D011	[DRAW]	(37,0)
				10000000
0212	601A	[LI]	V0 = 0x1a
0214	D011	[DRAW]	(26,0)
				10000000
0216	6025	[LI]	V0 = 0x25
0218	3100	[SKIP_EQ]	SKIP: TRUE	00==00
021C	C470	[RAND]	V4 = rand()
021E	4470	[SKIP_NE]	SKIP: TRUE	20!=70
0222	C303	[RAND]	V3 = rand()
0224	601E	[LI]	V0 = 0x1e
0226	6103	[LI]	V1 = 0x3
0228	225C	[FUNCALL]
		(non updato)
025C	A2C4	[SETI]	I = 2c4
025E	F41E	[IADD]
0260	6600	[LI]	V6 = 0x0
0262	4301	[SKIP_NE]	SKIP: TRUE	03!=01
0266	4302	[SKIP_NE]	SKIP: TRUE	03!=02
026A	4303	[SKIP_NE]	SKIP: FALSE	03==03
026C	660C	[LI]	V6 = 0xc
026E	F61E	[IADD]
0270	00EE	[RET]	$SP=1
		(non updato)
022A	F515	[DREG]
022C	D014	[DRAW]	(30,3)
				10000000
				11100000
				00000000
				00000000
022E	3F01	[SKIP_EQ]	SKIP: TRUE	01==01
0232	D014	[DRAW]	(30,3)
				10000000
				11100000
				00000000
				00000000
0234	71FF	[ADD_EQ]	V1 += 0xff
0236	D014	[DRAW]	(30,2)
				10000000
				11100000
				00000000
				00000000
0238	2340	[FUNCALL]
		(non updato)
0340	A2B4	[SETI]	I = 2b4
0342	8C10	[COPY]	VC <- V1
0344	3C1E	[SKIP_EQ]	SKIP: FALSE	02!=1E
0346	7C01	[ADD_EQ]	VC += 0x1
0348	3C1E	[SKIP_EQ]	SKIP: FALSE	03!=1E
034A	7C01	[ADD_EQ]	VC += 0x1
034C	3C1E	[SKIP_EQ]	SKIP: FALSE	04!=1E
034E	7C01	[ADD_EQ]	VC += 0x1
0350	235E	[FUNCALL]
		(non updato)
035E	601B	[LI]	V0 = 0x1b
0360	6B00	[LI]	VB = 0x0
0362	D011	[DRAW]	(27,2)
				10000000
0364	3F00	[SKIP_EQ]	SKIP: FALSE	01!=00
0366	7B01	[ADD_EQ]	VB += 0x1
0368	D011	[DRAW]	(27,2)
				10000000
036A	7001	[ADD_EQ]	V0 += 0x1
036C	3025	[SKIP_EQ]	SKIP: FALSE	1C!=25
036E	1362	[GOTO] 362
		(non updato)
0362	D011	[DRAW]	(28,2)
				10000000
0364	3F00	[SKIP_EQ]	SKIP: FALSE	01!=00
0366	7B01	[ADD_EQ]	VB += 0x1
0368	D011	[DRAW]	(28,2)
				10000000
036A	7001	[ADD_EQ]	V0 += 0x1
036C	3025	[SKIP_EQ]	SKIP: FALSE	1D!=25
036E	1362	[GOTO] 362
		(non updato)
0362	D011	[DRAW]	(29,2)
				10000000
0364	3F00	[SKIP_EQ]	SKIP: FALSE	01!=00
0366	7B01	[ADD_EQ]	VB += 0x1
0368	D011	[DRAW]	(29,2)
				10000000
036A	7001	[ADD_EQ]	V0 += 0x1
036C	3025	[SKIP_EQ]	SKIP: FALSE	1E!=25
036E	1362	[GOTO] 362
		(non updato)
0362	D011	[DRAW]	(30,2)
				10000000
0364	3F00	[SKIP_EQ]	SKIP: FALSE	01!=00
0366	7B01	[ADD_EQ]	VB += 0x1
0368	D011	[DRAW]	(30,2)
				10000000
036A	7001	[ADD_EQ]	V0 += 0x1
036C	3025	[SKIP_EQ]	SKIP: FALSE	1F!=25
036E	1362	[GOTO] 362
		(non updato)
0362	D011	[DRAW]	(31,2)
				10000000
0364	3F00	[SKIP_EQ]	SKIP: FALSE	01!=00
0366	7B01	[ADD_EQ]	VB += 0x1
0368	D011	[DRAW]	(31,2)
				10000000
036A	7001	[ADD_EQ]	V0 += 0x1
036C	3025	[SKIP_EQ]	SKIP: FALSE	20!=25
036E	1362	[GOTO] 362
		(non updato)
0362	D011	[DRAW]	(32,2)
				10000000
0364	3F00	[SKIP_EQ]	SKIP: FALSE	01!=00
0366	7B01	[ADD_EQ]	VB += 0x1
0368	D011	[DRAW]	(32,2)
				10000000
036A	7001	[ADD_EQ]	V0 += 0x1
036C	3025	[SKIP_EQ]	SKIP: FALSE	21!=25
036E	1362	[GOTO] 362
		(non updato)
0362	D011	[DRAW]	(33,2)
				10000000
0364	3F00	[SKIP_EQ]	SKIP: FALSE	01!=00
0366	7B01	[ADD_EQ]	VB += 0x1
0368	D011	[DRAW]	(33,2)
				10000000
036A	7001	[ADD_EQ]	V0 += 0x1
036C	3025	[SKIP_EQ]	SKIP: FALSE	22!=25
036E	1362	[GOTO] 362
		(non updato)
0362	D011	[DRAW]	(34,2)
				10000000
0364	3F00	[SKIP_EQ]	SKIP: FALSE	01!=00
0366	7B01	[ADD_EQ]	VB += 0x1
0368	D011	[DRAW]	(34,2)
				10000000
036A	7001	[ADD_EQ]	V0 += 0x1
036C	3025	[SKIP_EQ]	SKIP: FALSE	23!=25
036E	1362	[GOTO] 362
		(non updato)
0362	D011	[DRAW]	(35,2)
				10000000
0364	3F00	[SKIP_EQ]	SKIP: FALSE	01!=00
0366	7B01	[ADD_EQ]	VB += 0x1
0368	D011	[DRAW]	(35,2)
				10000000
036A	7001	[ADD_EQ]	V0 += 0x1
036C	3025	[SKIP_EQ]	SKIP: FALSE	24!=25
036E	1362	[GOTO] 362
		(non updato)
0362	D011	[DRAW]	(36,2)
				10000000
0364	3F00	[SKIP_EQ]	SKIP: FALSE	01!=00
0366	7B01	[ADD_EQ]	VB += 0x1
0368	D011	[DRAW]	(36,2)
				10000000
036A	7001	[ADD_EQ]	V0 += 0x1
036C	3025	[SKIP_EQ]	SKIP: TRUE	25==25
0370	00EE	[RET]	$SP=2
		(non updato)
0352	4B0A	[SKIP_NE]	SKIP: FALSE	0A==0A
0354	2372	[FUNCALL]
		(non updato)
0372	601B	[LI]	V0 = 0x1b
0374	D011	[DRAW]	(27,2)
				10000000
0376	7001	[ADD_EQ]	V0 += 0x1
0378	3025	[SKIP_EQ]	SKIP: FALSE	1C!=25
037A	1374	[GOTO] 374
		(non updato)
0374	D011	[DRAW]	(28,2)
				10000000
0376	7001	[ADD_EQ]	V0 += 0x1
0378	3025	[SKIP_EQ]	SKIP: FALSE	1D!=25
037A	1374	[GOTO] 374
		(non updato)
0374	D011	[DRAW]	(29,2)
				10000000
0376	7001	[ADD_EQ]	V0 += 0x1
0378	3025	[SKIP_EQ]	SKIP: FALSE	1E!=25
037A	1374	[GOTO] 374
		(non updato)
0374	D011	[DRAW]	(30,2)
				10000000
0376	7001	[ADD_EQ]	V0 += 0x1
0378	3025	[SKIP_EQ]	SKIP: FALSE	1F!=25
037A	1374	[GOTO] 374
		(non updato)
0374	D011	[DRAW]	(31,2)
				10000000
0376	7001	[ADD_EQ]	V0 += 0x1
0378	3025	[SKIP_EQ]	SKIP: FALSE	20!=25
037A	1374	[GOTO] 374
		(non updato)
0374	D011	[DRAW]	(32,2)
				10000000
0376	7001	[ADD_EQ]	V0 += 0x1
0378	3025	[SKIP_EQ]	SKIP: FALSE	21!=25
037A	1374	[GOTO] 374
		(non updato)
0374	D011	[DRAW]	(33,2)
				10000000
0376	7001	[ADD_EQ]	V0 += 0x1
0378	3025	[SKIP_EQ]	SKIP: FALSE	22!=25
037A	1374	[GOTO] 374
		(non updato)
0374	D011	[DRAW]	(34,2)
				10000000
0376	7001	[ADD_EQ]	V0 += 0x1
0378	3025	[SKIP_EQ]	SKIP: FALSE	23!=25
037A	1374	[GOTO] 374
		(non updato)
0374	D011	[DRAW]	(35,2)
				10000000
0376	7001	[ADD_EQ]	V0 += 0x1
0378	3025	[SKIP_EQ]	SKIP: FALSE	24!=25
037A	1374	[GOTO] 374
		(non updato)
0374	D011	[DRAW]	(36,2)
				10000000
0376	7001	[ADD_EQ]	V0 += 0x1
0378	3025	[SKIP_EQ]	SKIP: TRUE	25==25
037C	8E10	[COPY]	VE <- V1
037E	8DE0	[COPY]	VD <- VE
0380	7EFF	[ADD_EQ]	VE += 0xff
0382	601B	[LI]	V0 = 0x1b
0384	6B00	[LI]	VB = 0x0
0386	D0E1	[DRAW]	(27,1)
				10000000
0388	3F00	[SKIP_EQ]	SKIP: FALSE	01!=00
038A	1390	[GOTO] 390
		(non updato)
0390	D0D1	[DRAW]	(27,2)
				10000000
0392	7B01	[ADD_EQ]	VB += 0x1
0394	7001	[ADD_EQ]	V0 += 0x1
0396	3025	[SKIP_EQ]	SKIP: FALSE	1C!=25
0398	1386	[GOTO] 386
		(non updato)
0386	D0E1	[DRAW]	(28,1)
				10000000
0388	3F00	[SKIP_EQ]	SKIP: FALSE	01!=00
038A	1390	[GOTO] 390
		(non updato)
0390	D0D1	[DRAW]	(28,2)
				10000000
0392	7B01	[ADD_EQ]	VB += 0x1
0394	7001	[ADD_EQ]	V0 += 0x1
0396	3025	[SKIP_EQ]	SKIP: FALSE	1D!=25
0398	1386	[GOTO] 386
		(non updato)
0386	D0E1	[DRAW]	(29,1)
				10000000
0388	3F00	[SKIP_EQ]	SKIP: FALSE	01!=00
038A	1390	[GOTO] 390
		(non updato)
0390	D0D1	[DRAW]	(29,2)
				10000000
0392	7B01	[ADD_EQ]	VB += 0x1
0394	7001	[ADD_EQ]	V0 += 0x1
0396	3025	[SKIP_EQ]	SKIP: FALSE	1E!=25
0398	1386	[GOTO] 386
		(non updato)
0386	D0E1	[DRAW]	(30,1)
				10000000
0388	3F00	[SKIP_EQ]	SKIP: FALSE	01!=00
038A	1390	[GOTO] 390
		(non updato)
0390	D0D1	[DRAW]	(30,2)
				10000000
0392	7B01	[ADD_EQ]	VB += 0x1
0394	7001	[ADD_EQ]	V0 += 0x1
0396	3025	[SKIP_EQ]	SKIP: FALSE	1F!=25
0398	1386	[GOTO] 386
		(non updato)
0386	D0E1	[DRAW]	(31,1)
				10000000
0388	3F00	[SKIP_EQ]	SKIP: FALSE	01!=00
038A	1390	[GOTO] 390
		(non updato)
0390	D0D1	[DRAW]	(31,2)
				10000000
0392	7B01	[ADD_EQ]	VB += 0x1
0394	7001	[ADD_EQ]	V0 += 0x1
0396	3025	[SKIP_EQ]	SKIP: FALSE	20!=25
0398	1386	[GOTO] 386
		(non updato)
0386	D0E1	[DRAW]	(32,1)
				10000000
0388	3F00	[SKIP_EQ]	SKIP: FALSE	01!=00
038A	1390	[GOTO] 390
		(non updato)
0390	D0D1	[DRAW]	(32,2)
				10000000
0392	7B01	[ADD_EQ]	VB += 0x1
0394	7001	[ADD_EQ]	V0 += 0x1
0396	3025	[SKIP_EQ]	SKIP: FALSE	21!=25
0398	1386	[GOTO] 386
		(non updato)
0386	D0E1	[DRAW]	(33,1)
				10000000
0388	3F00	[SKIP_EQ]	SKIP: FALSE	01!=00
038A	1390	[GOTO] 390
		(non updato)
0390	D0D1	[DRAW]	(33,2)
				10000000
0392	7B01	[ADD_EQ]	VB += 0x1
0394	7001	[ADD_EQ]	V0 += 0x1
0396	3025	[SKIP_EQ]	SKIP: FALSE	22!=25
0398	1386	[GOTO] 386
		(non updato)
0386	D0E1	[DRAW]	(34,1)
				10000000
0388	3F00	[SKIP_EQ]	SKIP: FALSE	01!=00
038A	1390	